Info: Starting: Create block symbol file (.bsf)
Info: qsys-generate "M:\ESN11\ESN11\Lab3 TP\Lab3_sys.qsys" --block-symbol-file --output-directory="M:\ESN11\ESN11\Lab3 TP\Lab3_sys" --family="MAX 10" --part=10M50DAF484C7G
Progress: Loading Lab3 TP/Lab3_sys.qsys
Progress: Reading input file
Progress: Adding RAM0 [altera_avalon_onchip_memory2 18.1]
Progress: Parameterizing module RAM0
Progress: Adding clk_0 [clock_source 18.1]
Progress: Parameterizing module clk_0
Progress: Adding jtag_uart_0 [altera_avalon_jtag_uart 18.1]
Progress: Parameterizing module jtag_uart_0
Progress: Adding nios2_gen2_0 [altera_nios2_gen2 18.1]
Progress: Parameterizing module nios2_gen2_0
Progress: Adding opencores_i2c_0 [opencores_i2c 9.1]
Progress: Parameterizing module opencores_i2c_0
Progress: Building connections
Progress: Parameterizing connections
Progress: Validating
Progress: Done reading input file
Info: Lab3_sys.jtag_uart_0: JTAG UART IP input clock need to be at least double (2x) the operating frequency of JTAG TCK on board
Info: qsys-generate succeeded.
Info: Finished: Create block symbol file (.bsf)
Info: 
Info: Starting: Create HDL design files for synthesis
Info: qsys-generate "M:\ESN11\ESN11\Lab3 TP\Lab3_sys.qsys" --synthesis=VHDL --output-directory="M:\ESN11\ESN11\Lab3 TP\Lab3_sys\synthesis" --family="MAX 10" --part=10M50DAF484C7G
Progress: Loading Lab3 TP/Lab3_sys.qsys
Progress: Reading input file
Progress: Adding RAM0 [altera_avalon_onchip_memory2 18.1]
Progress: Parameterizing module RAM0
Progress: Adding clk_0 [clock_source 18.1]
Progress: Parameterizing module clk_0
Progress: Adding jtag_uart_0 [altera_avalon_jtag_uart 18.1]
Progress: Parameterizing module jtag_uart_0
Progress: Adding nios2_gen2_0 [altera_nios2_gen2 18.1]
Progress: Parameterizing module nios2_gen2_0
Progress: Adding opencores_i2c_0 [opencores_i2c 9.1]
Progress: Parameterizing module opencores_i2c_0
Progress: Building connections
Progress: Parameterizing connections
Progress: Validating
Progress: Done reading input file
Info: Lab3_sys.jtag_uart_0: JTAG UART IP input clock need to be at least double (2x) the operating frequency of JTAG TCK on board
Info: Lab3_sys: Generating Lab3_sys "Lab3_sys" for QUARTUS_SYNTH
Info: RAM0: Starting RTL generation for module 'Lab3_sys_RAM0'
Info: RAM0:   Generation command is [exec C:/intelfpga/18.1/quartus/bin64/perl/bin/perl.exe -I C:/intelfpga/18.1/quartus/bin64/perl/lib -I C:/intelfpga/18.1/quartus/sopc_builder/bin/europa -I C:/intelfpga/18.1/quartus/sopc_builder/bin/perl_lib -I C:/intelfpga/18.1/quartus/sopc_builder/bin -I C:/intelfpga/18.1/quartus/../ip/altera/sopc_builder_ip/common -I C:/intelfpga/18.1/quartus/../ip/altera/sopc_builder_ip/altera_avalon_onchip_memory2 -- C:/intelfpga/18.1/quartus/../ip/altera/sopc_builder_ip/altera_avalon_onchip_memory2/generate_rtl.pl --name=Lab3_sys_RAM0 --dir=C:/Users/isafari/AppData/Local/Temp/alt9373_1771676839332803772.dir/0002_RAM0_gen/ --quartus_dir=C:/intelfpga/18.1/quartus --verilog --config=C:/Users/isafari/AppData/Local/Temp/alt9373_1771676839332803772.dir/0002_RAM0_gen//Lab3_sys_RAM0_component_configuration.pl  --do_build_sim=0  ]
Info: RAM0: Done RTL generation for module 'Lab3_sys_RAM0'
Info: RAM0: "Lab3_sys" instantiated altera_avalon_onchip_memory2 "RAM0"
Info: jtag_uart_0: Starting RTL generation for module 'Lab3_sys_jtag_uart_0'
Info: jtag_uart_0:   Generation command is [exec C:/intelfpga/18.1/quartus/bin64/perl/bin/perl.exe -I C:/intelfpga/18.1/quartus/bin64/perl/lib -I C:/intelfpga/18.1/quartus/sopc_builder/bin/europa -I C:/intelfpga/18.1/quartus/sopc_builder/bin/perl_lib -I C:/intelfpga/18.1/quartus/sopc_builder/bin -I C:/intelfpga/18.1/quartus/../ip/altera/sopc_builder_ip/common -I C:/intelfpga/18.1/quartus/../ip/altera/sopc_builder_ip/altera_avalon_jtag_uart -- C:/intelfpga/18.1/quartus/../ip/altera/sopc_builder_ip/altera_avalon_jtag_uart/generate_rtl.pl --name=Lab3_sys_jtag_uart_0 --dir=C:/Users/isafari/AppData/Local/Temp/alt9373_1771676839332803772.dir/0003_jtag_uart_0_gen/ --quartus_dir=C:/intelfpga/18.1/quartus --verilog --config=C:/Users/isafari/AppData/Local/Temp/alt9373_1771676839332803772.dir/0003_jtag_uart_0_gen//Lab3_sys_jtag_uart_0_component_configuration.pl  --do_build_sim=0  ]
Info: jtag_uart_0: Done RTL generation for module 'Lab3_sys_jtag_uart_0'
Info: jtag_uart_0: "Lab3_sys" instantiated altera_avalon_jtag_uart "jtag_uart_0"
Info: nios2_gen2_0: "Lab3_sys" instantiated altera_nios2_gen2 "nios2_gen2_0"
Info: opencores_i2c_0: "Lab3_sys" instantiated opencores_i2c "opencores_i2c_0"
Info: avalon_st_adapter: Inserting error_adapter: error_adapter_0
Info: avalon_st_adapter_001: Inserting error_adapter: error_adapter_0
Info: avalon_st_adapter_002: Inserting error_adapter: error_adapter_0
Info: avalon_st_adapter_003: Inserting error_adapter: error_adapter_0
Info: mm_interconnect_0: "Lab3_sys" instantiated altera_mm_interconnect "mm_interconnect_0"
Info: irq_mapper: "Lab3_sys" instantiated altera_irq_mapper "irq_mapper"
Info: rst_controller: "Lab3_sys" instantiated altera_reset_controller "rst_controller"
Info: cpu: Starting RTL generation for module 'Lab3_sys_nios2_gen2_0_cpu'
Info: cpu:   Generation command is [exec C:/intelFPGA/18.1/quartus/bin64//eperlcmd.exe -I C:/intelFPGA/18.1/quartus/bin64//perl/lib -I C:/intelfpga/18.1/quartus/sopc_builder/bin/europa -I C:/intelfpga/18.1/quartus/sopc_builder/bin/perl_lib -I C:/intelfpga/18.1/quartus/sopc_builder/bin -I C:/intelfpga/18.1/quartus/../ip/altera/nios2_ip/altera_nios2_gen2/cpu_lib -I C:/intelfpga/18.1/quartus/../ip/altera/nios2_ip/altera_nios2_gen2/nios_lib -I C:/intelfpga/18.1/quartus/../ip/altera/nios2_ip/altera_nios2_gen2 -I C:/intelfpga/18.1/quartus/../ip/altera/nios2_ip/altera_nios2_gen2 -- C:/intelfpga/18.1/quartus/../ip/altera/nios2_ip/altera_nios2_gen2/generate_rtl.epl --name=Lab3_sys_nios2_gen2_0_cpu --dir=C:/Users/isafari/AppData/Local/Temp/alt9373_1771676839332803772.dir/0007_cpu_gen/ --quartus_bindir=C:/intelFPGA/18.1/quartus/bin64/ --verilog --config=C:/Users/isafari/AppData/Local/Temp/alt9373_1771676839332803772.dir/0007_cpu_gen//Lab3_sys_nios2_gen2_0_cpu_processor_configuration.pl  --do_build_sim=0  ]
Info: cpu: # 2023.01.16 10:24:27 (*) Starting Nios II generation
Info: cpu: # 2023.01.16 10:24:27 (*)   Checking for plaintext license.
Info: cpu: # 2023.01.16 10:24:28 (*)   Couldn't query license setup in Quartus directory C:/intelFPGA/18.1/quartus/bin64/
Info: cpu: # 2023.01.16 10:24:28 (*)   Defaulting to contents of LM_LICENSE_FILE environment variable
Info: cpu: # 2023.01.16 10:24:28 (*)   Plaintext license not found.
Info: cpu: # 2023.01.16 10:24:28 (*)   No license required to generate encrypted Nios II/e.
Info: cpu: # 2023.01.16 10:24:28 (*)   Elaborating CPU configuration settings
Info: cpu: # 2023.01.16 10:24:28 (*)   Creating all objects for CPU
Info: cpu: # 2023.01.16 10:24:29 (*)   Generating RTL from CPU objects
Info: cpu: # 2023.01.16 10:24:29 (*)   Creating plain-text RTL
Info: cpu: # 2023.01.16 10:24:29 (*) Done Nios II generation
Info: cpu: Done RTL generation for module 'Lab3_sys_nios2_gen2_0_cpu'
Info: cpu: "nios2_gen2_0" instantiated altera_nios2_gen2_unit "cpu"
Info: nios2_gen2_0_data_master_translator: "mm_interconnect_0" instantiated altera_merlin_master_translator "nios2_gen2_0_data_master_translator"
Info: jtag_uart_0_avalon_jtag_slave_translator: "mm_interconnect_0" instantiated altera_merlin_slave_translator "jtag_uart_0_avalon_jtag_slave_translator"
Info: nios2_gen2_0_data_master_agent: "mm_interconnect_0" instantiated altera_merlin_master_agent "nios2_gen2_0_data_master_agent"
Info: jtag_uart_0_avalon_jtag_slave_agent: "mm_interconnect_0" instantiated altera_merlin_slave_agent "jtag_uart_0_avalon_jtag_slave_agent"
Info: jtag_uart_0_avalon_jtag_slave_agent_rsp_fifo: "mm_interconnect_0" instantiated altera_avalon_sc_fifo "jtag_uart_0_avalon_jtag_slave_agent_rsp_fifo"
Info: router: "mm_interconnect_0" instantiated altera_merlin_router "router"
Info: router_002: "mm_interconnect_0" instantiated altera_merlin_router "router_002"
Info: cmd_demux: "mm_interconnect_0" instantiated altera_merlin_demultiplexer "cmd_demux"
Info: cmd_mux: "mm_interconnect_0" instantiated altera_merlin_multiplexer "cmd_mux"
Info: rsp_demux: "mm_interconnect_0" instantiated altera_merlin_demultiplexer "rsp_demux"
Info: rsp_mux: "mm_interconnect_0" instantiated altera_merlin_multiplexer "rsp_mux"
Info: Reusing file M:/ESN11/ESN11/Lab3 TP/Lab3_sys/synthesis/submodules/altera_merlin_arbitrator.sv
Info: avalon_st_adapter: "mm_interconnect_0" instantiated altera_avalon_st_adapter "avalon_st_adapter"
Info: error_adapter_0: "avalon_st_adapter" instantiated error_adapter "error_adapter_0"
Info: Lab3_sys: Done "Lab3_sys" with 22 modules, 39 files
Info: qsys-generate succeeded.
Info: Finished: Create HDL design files for synthesis
